<?xml version="1.0" encoding="UTF-8"?>
<!-- Generated by org.testng.reporters.JUnitReportReporter -->
<testsuite hostname="INLEN8520068014" failures="0" tests="1" name="testCases.Tc_002LoginPage" time="7.108" errors="0" timestamp="2024-12-16T17:23:36 IST" skipped="0">
  <testcase classname="testCases.Tc_002LoginPage" name="verify_login" time="7.108"/>
</testsuite> <!-- testCases.Tc_002LoginPage -->
