<?xml version="1.0" encoding="UTF-8"?>
<!-- Generated by org.testng.reporters.JUnitReportReporter -->
<testsuite hostname="INLEN8520068014" failures="0" tests="1" name="testCases.TC_001_TC_AccountRegistrationTest" time="14.016" errors="0" timestamp="2024-12-16T00:25:58 IST" skipped="0">
  <testcase classname="testCases.TC_001_TC_AccountRegistrationTest" name="verify_account_registration" time="14.016"/>
</testsuite> <!-- testCases.TC_001_TC_AccountRegistrationTest -->
